<?xml version="1.0" encoding="UTF-8"?>
<testng-results skipped="0" failed="0" ignored="0" total="1" passed="1">
  <reporter-output>
  </reporter-output>
  <suite name="com.qa.tests.LoginTest" duration-ms="43" started-at="2018-01-17T10:17:17Z" finished-at="2018-01-17T10:17:17Z">
    <groups>
    </groups>
    <test name="Command line test" duration-ms="43" started-at="2018-01-17T10:17:17Z" finished-at="2018-01-17T10:17:17Z">
      <class name="com.qa.tests.LoginTest">
        <test-method status="PASS" signature="test()[pri:0, instance:com.qa.tests.LoginTest@1e643faf]" name="test" duration-ms="10" started-at="2018-01-17T15:47:17Z" finished-at="2018-01-17T15:47:17Z">
          <reporter-output>
          </reporter-output>
        </test-method> <!-- test -->
      </class> <!-- com.qa.tests.LoginTest -->
    </test> <!-- Command line test -->
  </suite> <!-- com.qa.tests.LoginTest -->
</testng-results>
